5746c5059a971eca64fdd1bf9ffb58190d57f781
(0, 1927)
L (0, 963) 1 0 2 0
L (0, 481) 2 0 2 0
L (0, 240) 3 0 2 0
L (0, 120) 4 0 1 0
B (0, 240) 5 0 0 0
R (120, 240) 6 0 1 0
R (180, 240) 7 1 2 0
R (210, 240) 8 1 2 0
B (180, 240) 9 0 0 0
R (210, 240) 10 1 1 0
L (210, 225) 11 0 1 0
R (217, 225) 12 1 2 0
B (210, 225) 13 0 0 0
B (210, 240) 14 0 0 0
B (180, 240) 15 0 0 0
R (210, 240) 16 0 2 0
R (225, 240) 17 0 2 0
R (232, 240) 18 0 1 0
L (232, 236) 19 0 1 0
R (234, 236) 20 1 1 0
B (232, 236) 21 2 1 0
tt 4538 (232, 236) ... 0.5489202 0.26950198
[(0, 1927), (0, 963), (0, 481), (0, 240), (120, 240), (180, 240), (210, 240), (225, 240), (232, 240), (232, 236)]
2;0.5;0.275;0.9;0.3;3;50000;1751;232
m;delta_p;p_hat;p_min;pi;k;l;bound;n
