5746c5059a971eca64fdd1bf9ffb58190d57f781
(0, 1862)
tt 4518 (0, 1862) ... 0.0 1.0
L (0, 931) 1 0 2 0
L (0, 465) 2 0 2 0
R (232, 465) 3 0 2 0
B (0, 465) 4 2 2 0
R (232, 465) 5 0 2 0
B (0, 465) 6 2 2 0
R (232, 465) 7 0 2 0
L (232, 348) 8 0 2 0
L (232, 290) 9 1 2 0
L (232, 261) 10 1 2 0
R (246, 261) 11 0 2 0
B (232, 261) 12 2 1 0
R (246, 261) 13 0 2 0
tt 4518 (246, 261) ... 0.6671093 0.65161574
[(0, 1862), (0, 931), (0, 465), (232, 465), (232, 348), (232, 290), (232, 261), (246, 261)]
2;0.5;0.3;0.9;0.3;3;50000;1692;246
m;delta_p;p_hat;p_min;pi;k;l;bound;n
