5746c5059a971eca64fdd1bf9ffb58190d57f781
(0, 829)
L (0, 414) 1 0 2 0
L (0, 207) 2 0 2 0
L (0, 103) 3 0 2 0
R (51, 103) 4 0 1 0
R (77, 103) 5 0 2 0
L (77, 90) 6 1 2 0
L (77, 83) 7 1 2 0
L (77, 80) 8 1 2 0
B (77, 83) 9 2 1 0
B (77, 90) 10 2 1 0
B (77, 103) 11 2 1 0
tt 4032 (77, 103) ... 0.78869045 0.7906746
B (51, 103) 12 2 2 0
L (51, 77) 13 0 2 0
R (64, 77) 14 1 1 0
tt 4032 (64, 77) ... 0.3422619 0.78571427
[(0, 829), (0, 414), (0, 207), (0, 103), (51, 103), (51, 77), (64, 77)]
2;0.5;0.7;0.9;0.3;3;50000;753;64
m;delta_p;p_hat;p_min;pi;k;l;bound;n
