5746c5059a971eca64fdd1bf9ffb58190d57f781
(0, 635)
L (0, 317) 1 0 2 0
L (0, 158) 2 0 2 0
L (0, 79) 3 0 1 0
L (0, 39) 4 0 1 0
B (0, 79) 5 0 0 0
L (0, 39) 6 0 1 0
R (19, 39) 7 0 1 0
R (29, 39) 8 0 1 0
B (19, 39) 9 1 0 0
B (0, 39) 10 2 1 0
R (19, 39) 11 0 1 0
L (19, 29) 12 1 1 0
B (19, 39) 13 1 0 0
R (29, 39) 14 1 1 0
tt 3872 (29, 39) ... 0.46332645 0.45971075
[(0, 635), (0, 317), (0, 158), (0, 79), (0, 39), (19, 39), (29, 39)]
2;0.5;0.775;0.9;0.3;3;50000;577;29
m;delta_p;p_hat;p_min;pi;k;l;bound;n
