5746c5059a971eca64fdd1bf9ffb58190d57f781
(0, 570)
L (0, 285) 1 0 2 0
tt 3807 (0, 285) ... 0.99264514 0.0
L (0, 142) 2 0 2 0
R (71, 142) 3 0 2 0
B (0, 142) 4 2 2 0
R (71, 142) 5 0 1 0
L (71, 106) 6 1 1 0
L (71, 88) 7 1 2 0
B (71, 106) 8 2 2 0
R (88, 106) 9 0 2 0
L (88, 97) 10 1 2 0
B (88, 106) 11 2 2 0
B (71, 106) 12 2 2 0
L (71, 88) 13 1 2 0
tt 3807 (71, 88) ... 0.5382191 0.88521147
[(0, 570), (0, 285), (0, 142), (71, 142), (71, 106), (71, 88)]
2;0.5;0.8;0.9;0.3;3;50000;518;71
m;delta_p;p_hat;p_min;pi;k;l;bound;n
