5746c5059a971eca64fdd1bf9ffb58190d57f781
(0, 442)
tt 3654 (0, 442) ... 0.0 1.0
R (221, 442) 1 0 2 0
B (0, 442) 2 2 2 0
L (0, 221) 3 0 2 0
L (0, 110) 4 0 2 0
L (0, 55) 5 0 2 0
R (27, 55) 6 0 1 0
L (27, 41) 7 1 1 0
L (27, 34) 8 0 2 0
L (27, 30) 9 1 1 0
B (27, 34) 10 2 2 0
R (30, 34) 11 1 2 0
B (27, 34) 12 2 2 0
R (30, 34) 13 0 1 0
B (27, 34) 14 2 0 0
L (27, 30) 15 1 2 0
B (27, 34) 16 2 0 0
tt 3654 (27, 34) ... 0.6215107 0.6250684
[(0, 442), (0, 221), (0, 110), (0, 55), (27, 55), (27, 41), (27, 34)]
2;0.5;0.85;0.9;0.3;3;50000;401;27
m;delta_p;p_hat;p_min;pi;k;l;bound;n
