5746c5059a971eca64fdd1bf9ffb58190d57f781
(0, 183)
L (0, 91) 1 0 2 0
L (0, 45) 2 0 2 0
R (22, 45) 3 0 2 0
B (0, 45) 4 2 2 0
L (0, 22) 5 0 2 0
tt 3123 (0, 22) ... 0.85430676 0.0
L (0, 11) 6 0 2 0
R (5, 11) 7 0 1 0
R (8, 11) 8 0 2 0
B (5, 11) 9 2 2 0
tt 3123 (5, 11) ... 0.0 0.8571886
L (5, 8) 10 0 1 0
R (6, 8) 11 0 2 0
R (7, 8) 12 0 2 0
tt 3123 (7, 8) ... 0.0 0.8229267
[(0, 183), (0, 91), (0, 45), (0, 22), (0, 11), (5, 11), (5, 8), (6, 8), (7, 8)]
2;0.5;0.95;0.9;0.3;3;50000;166;7
m;delta_p;p_hat;p_min;pi;k;l;bound;n
