5746c5059a971eca64fdd1bf9ffb58190d57f781
(0, 2444)
L (0, 1222) 1 0 2 0
L (0, 611) 2 0 2 0
L (0, 305) 3 0 2 0
tt 4681 (0, 305) ... 0.0 0.20657979
B (0, 611) 4 0 0 0
tt 4681 (0, 611) ... 1.0 0.0
R (305, 611) 5 0 2 0
L (305, 458) 6 1 2 0
L (305, 381) 7 0 2 0
R (343, 381) 8 0 2 0
L (343, 362) 9 0 2 0
L (343, 352) 10 0 2 0
L (343, 347) 11 0 2 0
R (345, 347) 12 0 1 0
tt 4681 (345, 347) ... 0.31681263 0.53856015
[(0, 2444), (0, 1222), (0, 611), (305, 611), (305, 458), (305, 381), (343, 381), (343, 362), (343, 352), (343, 347), (345, 347)]
2;0.5;0.075;0.9;0.3;3;50000;2221;345
m;delta_p;p_hat;p_min;pi;k;l;bound;n
