5746c5059a971eca64fdd1bf9ffb58190d57f781
(0, 2185)
L (0, 1092) 1 0 2 0
L (0, 546) 2 0 2 0
R (273, 546) 3 0 2 0
L (273, 409) 4 0 2 0
R (341, 409) 5 1 2 0
B (273, 409) 6 2 2 0
L (273, 341) 7 0 2 0
B (273, 409) 8 2 1 0
L (273, 341) 9 1 2 0
B (273, 409) 10 1 0 0
L (273, 341) 11 1 2 0
B (273, 409) 12 0 0 0
L (273, 341) 13 1 2 0
R (307, 341) 14 1 1 0
B (273, 341) 15 0 0 0
L (273, 307) 16 0 2 0
R (290, 307) 17 0 2 0
B (273, 307) 18 2 0 0
B (273, 341) 19 0 0 0
tt 4614 (273, 341) ... 0.42175987 0.4440832
[(0, 2185), (0, 1092), (0, 546), (273, 546), (273, 409), (273, 341)]
2;0.5;0.175;0.9;0.3;3;50000;1986;273
m;delta_p;p_hat;p_min;pi;k;l;bound;n
