5746c5059a971eca64fdd1bf9ffb58190d57f781
(0, 2055)
L (0, 1027) 1 0 2 0
L (0, 513) 2 0 2 0
tt 4577 (0, 513) ... 0.0 1.0
L (0, 256) 3 0 2 0
L (0, 128) 4 0 1 0
B (0, 256) 5 0 0 0
R (128, 256) 6 0 2 0
R (192, 256) 7 0 1 0
R (224, 256) 8 0 1 0
L (224, 240) 9 1 1 0
R (232, 240) 10 1 2 0
R (236, 240) 11 0 1 0
L (236, 238) 12 1 1 0
R (237, 238) 13 0 1 0
B (236, 238) 14 2 2 0
tt 4577 (236, 238) ... 0.46799213 0.53462964
[(0, 2055), (0, 1027), (0, 513), (0, 256), (128, 256), (192, 256), (224, 256), (224, 240), (232, 240), (236, 240), (236, 238)]
2;0.5;0.225;0.9;0.3;3;50000;1868;236
m;delta_p;p_hat;p_min;pi;k;l;bound;n
