5746c5059a971eca64fdd1bf9ffb58190d57f781
(0, 4120)
L (0, 2060) 1 0 2 0
L (0, 1030) 2 0 2 0
tt 4995 (0, 1030) ... 0.0 1.0
R (515, 1030) 3 0 2 0
tt 4995 (515, 1030) ... 0.0024024025 1.0
L (515, 772) 4 0 2 0
L (515, 643) 5 0 2 0
L (515, 579) 6 0 2 0
L (515, 547) 7 0 2 0
R (531, 547) 8 0 2 0
R (539, 547) 9 0 2 0
B (531, 547) 10 2 2 0
L (531, 539) 11 1 2 0
R (535, 539) 12 1 1 0
L (535, 537) 13 0 1 0
L (535, 536) 14 0 2 0
B (535, 537) 15 0 0 0
B (535, 539) 16 1 0 0
B (531, 539) 17 2 1 0
tt 4995 (531, 539) ... 0.5917918 0.1993994
[(0, 4120), (0, 2060), (0, 1030), (515, 1030), (515, 772), (515, 643), (515, 579), (515, 547), (531, 547), (531, 539)]
2;0.04;0.0;0.9;0.0;10000;3;3745;539
m;delta_p;p_hat;p_min;pi;k;l;bound;n
