5746c5059a971eca64fdd1bf9ffb58190d57f781
(0, 3405)
L (0, 1702) 1 0 2 0
L (0, 851) 2 0 2 0
R (425, 851) 3 0 2 0
L (425, 638) 4 0 2 0
L (425, 531) 5 0 2 0
L (425, 478) 6 0 2 0
L (425, 451) 7 0 2 0
R (438, 451) 8 0 2 0
R (444, 451) 9 0 2 0
L (444, 447) 10 0 2 0
L (444, 445) 11 0 1 0
B (444, 447) 12 0 0 0
L (444, 445) 13 0 2 0
R (444, 445) 14 1 1 0
L (444, 444) 15 1 2 0
L (444, 444) 16 1 2 0
tt 4880 (444, 444) ... 0.37745902 0.38709018
[(0, 3405), (0, 1702), (0, 851), (425, 851), (425, 638), (425, 531), (425, 478), (425, 451), (438, 451), (444, 451), (444, 447), (444, 445), (444, 444)]
2;0.44;0.0;0.9;0.275;10000;3;3095;444
m;delta_p;p_hat;p_min;pi;k;l;bound;n
