5746c5059a971eca64fdd1bf9ffb58190d57f781
(0, 1610)
L (0, 805) 1 0 2 0
L (0, 402) 2 0 2 0
R (201, 402) 3 0 2 0
L (201, 301) 4 0 2 0
L (201, 251) 5 0 2 0
L (201, 226) 6 0 2 0
tt 4431 (201, 226) ... 0.99977434 0.0
R (213, 226) 7 0 2 0
B (201, 226) 8 2 2 0
R (213, 226) 9 0 2 0
tt 4431 (213, 226) ... 0.23313022 1.0
L (213, 219) 10 0 2 0
L (213, 216) 11 0 2 0
L (213, 214) 12 1 2 0
R (213, 214) 13 0 2 0
B (213, 216) 14 2 0 0
L (213, 214) 15 0 1 0
tt 4431 (213, 214) ... 0.24892801 0.3439404
B (213, 216) 16 0 0 0
L (213, 214) 17 0 1 0
B (213, 216) 18 0 0 0
tt 4431 (213, 216) ... 0.24576844 0.6093433
[(0, 1610), (0, 805), (0, 402), (201, 402), (201, 301), (201, 251), (201, 226), (213, 226), (213, 219), (213, 216)]
2;0.64;0.0;0.9;0.3512195;10000;3;1463;216
m;delta_p;p_hat;p_min;pi;k;l;bound;n
