5746c5059a971eca64fdd1bf9ffb58190d57f781
(0, 180)
L (0, 90) 1 0 2 0
tt 3113 (0, 90) ... 1.0 0.0
L (0, 45) 2 0 2 0
tt 3113 (0, 45) ... 0.0 1.0
R (22, 45) 3 0 2 0
L (22, 33) 4 0 2 0
L (22, 27) 5 0 2 0
R (24, 27) 6 0 2 0
R (25, 27) 7 0 2 0
tt 3113 (25, 27) ... 0.9029875 0.0
R (26, 27) 8 0 1 0
R (26, 27) 9 0 2 0
R (26, 27) 10 0 2 0
R (26, 27) 11 0 1 0
L (26, 26) 12 1 2 0
tt 3113 (26, 26) ... 0.050754897 0.050754897
B (26, 27) 13 0 0 0
R (26, 27) 14 0 2 0
tt 3113 (26, 27) ... 0.051076133 0.9042724
[(0, 180), (0, 90), (0, 45), (22, 45), (22, 33), (22, 27), (24, 27), (25, 27), (26, 27)]
2;0.48;0.0;0.9;0.19459459;10000;3;163;26
m;delta_p;p_hat;p_min;pi;k;l;bound;n
