5746c5059a971eca64fdd1bf9ffb58190d57f781
(0, 1831)
tt 4508 (0, 1831) ... 0.0 1.0
L (0, 915) 1 0 2 0
L (0, 457) 2 0 2 0
R (228, 457) 3 0 2 0
tt 4508 (228, 457) ... 0.0 1.0
L (228, 342) 4 0 2 0
L (228, 285) 5 0 2 0
L (228, 256) 6 0 2 0
R (242, 256) 7 0 2 0
L (242, 249) 8 0 2 0
L (242, 245) 9 1 2 0
R (243, 245) 10 0 2 0
R (244, 245) 11 1 2 0
L (244, 244) 12 0 1 0
B (244, 245) 13 1 0 0
L (244, 244) 14 0 1 0
B (244, 245) 15 1 0 0
B (243, 245) 16 2 1 0
tt 4508 (243, 245) ... 0.3950754 0.6304348
[(0, 1831), (0, 915), (0, 457), (228, 457), (228, 342), (228, 285), (228, 256), (242, 256), (242, 249), (242, 245), (243, 245)]
2;0.6;0.0;0.9;0.3375;10000;3;1664;243
m;delta_p;p_hat;p_min;pi;k;l;bound;n
