5746c5059a971eca64fdd1bf9ffb58190d57f781
(0, 2103)
L (0, 1051) 1 0 2 0
L (0, 525) 2 0 2 0
R (262, 525) 3 0 2 0
L (262, 393) 4 0 2 0
L (262, 327) 5 0 2 0
L (262, 294) 6 0 2 0
R (278, 294) 7 0 2 0
L (278, 286) 8 1 2 0
L (278, 282) 9 0 2 0
L (278, 280) 10 0 2 0
R (279, 280) 11 0 1 0
R (279, 280) 12 1 2 0
L (279, 279) 13 0 2 0
L (279, 279) 14 1 2 0
L (279, 279) 15 1 2 0
L (279, 279) 16 1 1 0
B (279, 280) 17 1 0 0
B (278, 280) 18 2 1 0
tt 4591 (278, 280) ... 0.42735788 0.60182965
[(0, 2103), (0, 1051), (0, 525), (262, 525), (262, 393), (262, 327), (262, 294), (278, 294), (278, 286), (278, 282), (278, 280)]
2;0.56;0.0;0.9;0.32307693;10000;3;1911;278
m;delta_p;p_hat;p_min;pi;k;l;bound;n
