5746c5059a971eca64fdd1bf9ffb58190d57f781
(0, 258)
L (0, 129) 1 0 2 0
L (0, 64) 2 0 2 0
tt 3330 (0, 64) ... 0.0 1.0
R (32, 64) 3 0 2 0
L (32, 48) 4 0 2 0
L (32, 40) 5 0 2 0
R (36, 40) 6 0 2 0
L (36, 38) 7 0 2 0
R (37, 38) 8 1 2 0
B (36, 38) 9 2 2 0
R (37, 38) 10 0 2 0
R (37, 38) 11 0 2 0
R (37, 38) 12 0 1 0
R (37, 38) 13 0 2 0
tt 3330 (37, 38) ... 0.20480481 0.8894895
[(0, 258), (0, 129), (0, 64), (32, 64), (32, 48), (32, 40), (36, 40), (36, 38), (37, 38)]
2;0.4;0.0;0.9;0.17142858;10000;3;234;37
m;delta_p;p_hat;p_min;pi;k;l;bound;n
