5746c5059a971eca64fdd1bf9ffb58190d57f781
(0, 84)
L (0, 42) 1 0 2 0
L (0, 21) 2 0 2 0
R (10, 21) 3 0 2 0
L (10, 15) 4 0 2 0
R (12, 15) 5 0 2 0
R (13, 15) 6 0 2 0
tt 2652 (13, 15) ... 1.0 0.21266969
B (12, 15) 7 2 2 0
tt 2652 (12, 15) ... 0.0 1.0
L (12, 13) 8 0 2 0
B (12, 15) 9 0 0 0
R (13, 15) 10 0 2 0
L (13, 14) 11 0 2 0
R (13, 14) 12 1 2 0
L (13, 13) 13 1 2 0
tt 2652 (13, 13) ... 0.22775264 0.22134238
B (13, 14) 14 0 0 0
R (13, 14) 15 0 2 0
L (13, 13) 16 0 2 0
B (13, 14) 17 0 0 0
tt 2652 (13, 14) ... 0.2224736 1.0
[(0, 84), (0, 42), (0, 21), (10, 21), (10, 15), (12, 15), (13, 15), (13, 14)]
2;0.4;0.0;0.9;0.08571429;10000;3;76;13
m;delta_p;p_hat;p_min;pi;k;l;bound;n
