5746c5059a971eca64fdd1bf9ffb58190d57f781
(0, 25745)
L (0, 12872) 1 0 2 0
L (0, 6436) 2 0 2 0
R (3218, 6436) 3 0 2 0
L (3218, 4827) 4 0 2 0
L (3218, 4022) 5 0 2 0
tt 6094 (3218, 4022) ... 1.0 0.14243518
L (3218, 3620) 6 0 2 0
L (3218, 3419) 7 0 2 0
L (3218, 3318) 8 0 2 0
R (3268, 3318) 9 0 2 0
L (3268, 3293) 10 0 2 0
L (3268, 3280) 11 1 2 0
L (3268, 3274) 12 1 1 0
B (3268, 3280) 13 2 1 0
R (3274, 3280) 14 1 2 0
L (3274, 3277) 15 0 1 0
B (3274, 3280) 16 1 0 0
R (3277, 3280) 17 1 1 0
R (3278, 3280) 18 1 1 0
R (3279, 3280) 19 1 2 0
L (3279, 3279) 20 1 2 0
L (3279, 3279) 21 1 2 0
tt 6094 (3279, 3279) ... 0.5710535 0.57778144
[(0, 25745), (0, 12872), (0, 6436), (3218, 6436), (3218, 4827), (3218, 4022), (3218, 3620), (3218, 3419), (3218, 3318), (3268, 3318), (3268, 3293), (3268, 3280), (3274, 3280), (3277, 3280), (3278, 3280), (3279, 3280), (3279, 3279)]
2;0.04;0.0;0.9;0.023076924;10000;3;23404;3279
m;delta_p;p_hat;p_min;pi;k;l;bound;n
