5746c5059a971eca64fdd1bf9ffb58190d57f781
(0, 70)
L (0, 35) 1 0 2 0
L (0, 17) 2 0 2 0
tt 2541 (0, 17) ... 1.0 0.0
R (8, 17) 3 0 2 0
tt 2541 (8, 17) ... 0.0 1.0
L (8, 12) 4 0 2 0
R (10, 12) 5 0 2 0
tt 2541 (10, 12) ... 0.0 1.0
L (10, 11) 6 0 2 0
R (10, 11) 7 0 1 0
R (10, 11) 8 0 1 0
R (10, 11) 9 0 1 0
R (10, 11) 10 0 1 0
R (10, 11) 11 0 1 0
R (10, 11) 12 0 2 0
tt 2541 (10, 11) ... 0.0 0.5887446
[(0, 70), (0, 35), (0, 17), (8, 17), (8, 12), (10, 12), (10, 11)]
2;0.44;0.0;0.9;0.09166667;10000;3;63;10
m;delta_p;p_hat;p_min;pi;k;l;bound;n
