5746c5059a971eca64fdd1bf9ffb58190d57f781
(0, 2103)
L (0, 1051) 1 0 2 0
L (0, 525) 2 0 2 0
R (262, 525) 3 0 2 0
L (262, 393) 4 0 2 0
tt 4591 (262, 393) ... 1.0 0.0
L (262, 327) 5 0 2 0
L (262, 294) 6 0 2 0
R (278, 294) 7 0 2 0
L (278, 286) 8 0 2 0
R (282, 286) 9 0 2 0
B (278, 286) 10 2 2 0
L (278, 282) 11 1 2 0
L (278, 280) 12 1 2 0
R (279, 280) 13 0 1 0
B (278, 280) 14 1 0 0
L (278, 279) 15 1 2 0
R (278, 279) 16 1 1 0
R (278, 279) 17 0 1 0
R (278, 279) 18 1 1 0
tt 4591 (278, 279) ... 0.41733828 0.5336528
[(0, 2103), (0, 1051), (0, 525), (262, 525), (262, 393), (262, 327), (262, 294), (278, 294), (278, 286), (278, 282), (278, 280), (278, 279)]
2;0.08;0.0;0.9;0.022222223;10000;3;1911;278
m;delta_p;p_hat;p_min;pi;k;l;bound;n
