5746c5059a971eca64fdd1bf9ffb58190d57f781
(0, 65)
L (0, 32) 1 0 2 0
tt 2496 (0, 32) ... 1.0 0.0
L (0, 16) 2 0 2 0
R (8, 16) 3 0 2 0
L (8, 12) 4 0 2 0
R (10, 12) 5 0 2 0
L (10, 11) 6 0 2 0
R (10, 11) 7 0 2 0
R (10, 11) 8 0 2 0
R (10, 11) 9 0 2 0
R (10, 11) 10 0 2 0
R (10, 11) 11 0 2 0
R (10, 11) 12 0 2 0
R (10, 11) 13 0 2 0
R (10, 11) 14 0 2 0
L (10, 10) 15 0 2 0
tt 2496 (10, 10) ... 0.035657052 0.032852564
B (10, 11) 16 0 0 0
tt 2496 (10, 11) ... 0.040064104 1.0
[(0, 65), (0, 32), (0, 16), (8, 16), (8, 12), (10, 12), (10, 11)]
2;0.8;0.0;0.9;0.26666668;10000;3;59;10
m;delta_p;p_hat;p_min;pi;k;l;bound;n
