5746c5059a971eca64fdd1bf9ffb58190d57f781
(0, 779)
L (0, 389) 1 0 2 0
L (0, 194) 2 0 2 0
R (97, 194) 3 0 2 0
L (97, 145) 4 0 2 0
L (97, 121) 5 0 2 0
tt 3995 (97, 121) ... 1.0 0.0
R (109, 121) 6 0 2 0
B (97, 121) 7 2 2 0
L (97, 109) 8 0 2 0
R (103, 109) 9 0 2 0
L (103, 106) 10 0 2 0
B (103, 109) 11 0 0 0
L (103, 106) 12 0 2 0
B (103, 109) 13 0 0 0
R (106, 109) 14 0 2 0
L (106, 107) 15 1 2 0
tt 3995 (106, 107) ... 0.25932416 0.50037545
[(0, 779), (0, 389), (0, 194), (97, 194), (97, 145), (97, 121), (97, 109), (103, 109), (106, 109), (106, 107)]
2;0.92;0.0;0.9;0.43125;10000;3;708;106
m;delta_p;p_hat;p_min;pi;k;l;bound;n
