5746c5059a971eca64fdd1bf9ffb58190d57f781
(0, 659)
L (0, 329) 1 0 2 0
L (0, 164) 2 0 2 0
tt 3894 (0, 164) ... 1.0 0.0
R (82, 164) 3 0 2 0
tt 3894 (82, 164) ... 1.0 0.0
L (82, 123) 4 0 2 0
L (82, 102) 5 0 2 0
tt 3894 (82, 102) ... 0.0 1.0
R (92, 102) 6 0 2 0
L (92, 97) 7 1 2 0
L (92, 94) 8 1 2 0
L (92, 93) 9 1 2 0
tt 3894 (92, 93) ... 0.7421674 0.9180791
B (92, 94) 10 2 2 0
B (92, 97) 11 2 2 0
B (92, 102) 12 2 2 0
B (82, 102) 13 2 2 0
L (82, 92) 14 0 2 0
tt 3894 (82, 92) ... 0.0 0.74319464
[(0, 659), (0, 329), (0, 164), (82, 164), (82, 123), (82, 102), (82, 92)]
2;1.0;0.0;0.9;0.45;10000;3;599;92
m;delta_p;p_hat;p_min;pi;k;l;bound;n
