5746c5059a971eca64fdd1bf9ffb58190d57f781
(0, 15)
tt 1584 (0, 15) ... 0.0 1.0
L (0, 7) 1 0 2 0
tt 1584 (0, 7) ... 0.0 1.0
L (0, 3) 2 0 2 0
R (1, 3) 3 0 2 0
R (2, 3) 4 0 2 0
R (2, 3) 5 0 2 0
R (2, 3) 6 0 2 0
R (2, 3) 7 0 2 0
R (2, 3) 8 0 2 0
R (2, 3) 9 0 2 0
R (2, 3) 10 0 2 0
R (2, 3) 11 0 2 0
R (2, 3) 12 0 2 0
R (2, 3) 13 0 2 0
R (2, 3) 14 0 2 0
R (2, 3) 15 0 2 0
R (2, 3) 16 0 2 0
tt 1584 (2, 3) ... 0.0 1.0
[(0, 15), (0, 7), (0, 3), (1, 3), (2, 3)]
2;0.96;0.0;0.9;0.14693877;10000;3;13;2
m;delta_p;p_hat;p_min;pi;k;l;bound;n
