5746c5059a971eca64fdd1bf9ffb58190d57f781
(0, 1030)
L (0, 515) 1 0 2 0
L (0, 257) 2 0 2 0
tt 4162 (0, 257) ... 0.0 1.0
R (128, 257) 3 0 2 0
tt 4162 (128, 257) ... 1.0 0.0
L (128, 192) 4 0 2 0
L (128, 160) 5 0 2 0
L (128, 144) 6 0 2 0
R (136, 144) 7 0 2 0
R (140, 144) 8 0 2 0
L (140, 142) 9 1 2 0
L (140, 141) 10 1 1 0
R (140, 141) 11 1 1 0
tt 4162 (140, 141) ... 0.5204229 0.7131187
B (140, 142) 12 2 2 1
L (140, 141) 13 1 2 1
L (140, 140) 14 0 1 1
R (140, 140) 15 1 1 1
tt 4162 (140, 140) ... 0.5201826 0.53459877
[(0, 1030), (0, 515), (0, 257), (128, 257), (128, 192), (128, 160), (128, 144), (136, 144), (140, 144), (140, 142), (140, 141), (140, 140)]
2;0.08;0.0;0.9;0.0;10000;3;936;140
m;delta_p;p_hat;p_min;pi;k;l;bound;n
