5746c5059a971eca64fdd1bf9ffb58190d57f781
(0, 25745)
L (0, 12872) 1 0 2 0
L (0, 6436) 2 0 2 0
R (3218, 6436) 3 0 2 0
L (3218, 4827) 4 0 2 0
tt 6094 (3218, 4827) ... 0.14850673 1.0
L (3218, 4022) 5 1 2 0
L (3218, 3620) 6 0 2 0
L (3218, 3419) 7 0 2 0
L (3218, 3318) 8 0 2 0
R (3268, 3318) 9 1 1 0
B (3218, 3318) 10 2 2 0
L (3218, 3268) 11 0 1 0
R (3243, 3268) 12 0 1 0
R (3255, 3268) 13 0 1 0
tt 6094 (3255, 3268) ... 0.3977683 0.48096487
[(0, 25745), (0, 12872), (0, 6436), (3218, 6436), (3218, 4827), (3218, 4022), (3218, 3620), (3218, 3419), (3218, 3318), (3218, 3268), (3243, 3268), (3255, 3268)]
2;0.16;0.0;0.9;0.12413793;10000;3;23404;3255
m;delta_p;p_hat;p_min;pi;k;l;bound;n
