5746c5059a971eca64fdd1bf9ffb58190d57f781
(0, 526)
L (0, 263) 1 0 2 0
tt 3759 (0, 263) ... 0.0 1.0
L (0, 131) 2 0 2 0
R (65, 131) 3 0 2 0
L (65, 98) 4 0 2 0
tt 3759 (65, 98) ... 0.0 1.0
L (65, 81) 5 0 2 0
L (65, 73) 6 0 2 0
B (65, 81) 7 0 0 0
L (65, 73) 8 0 2 0
R (69, 73) 9 0 1 0
B (65, 73) 10 0 0 0
R (69, 73) 11 0 1 0
R (71, 73) 12 0 1 0
R (72, 73) 13 0 1 0
B (71, 73) 14 0 0 0
R (72, 73) 15 0 1 0
B (71, 73) 16 1 0 0
B (69, 73) 17 0 0 0
B (65, 73) 18 0 0 0
B (65, 81) 19 0 0 0
R (73, 81) 20 0 2 0
L (73, 77) 21 1 2 0
L (73, 75) 22 0 2 0
tt 3759 (73, 75) ... 0.31923383 0.9345571
[(0, 526), (0, 263), (0, 131), (65, 131), (65, 98), (65, 81), (73, 81), (73, 77), (73, 75)]
2;0.16;0.0;0.9;0.04137931;10000;3;478;73
m;delta_p;p_hat;p_min;pi;k;l;bound;n
