5746c5059a971eca64fdd1bf9ffb58190d57f781
(0, 1992)
L (0, 996) 1 0 2 0
L (0, 498) 2 0 2 0
L (0, 249) 3 0 2 0
R (124, 249) 4 0 1 0
R (186, 249) 5 0 1 0
L (186, 217) 6 0 1 0
B (186, 249) 7 0 0 0
R (217, 249) 8 0 1 0
L (217, 233) 9 0 2 0
L (217, 225) 10 0 1 0
B (217, 233) 11 0 0 0
R (225, 233) 12 0 1 0
R (229, 233) 13 0 1 0
R (231, 233) 14 0 1 0
R (232, 233) 15 1 2 0
R (232, 233) 16 0 1 0
L (232, 232) 17 0 1 0
B (232, 233) 18 2 1 0
B (231, 233) 19 1 0 0
R (232, 233) 20 0 1 0
B (231, 233) 21 1 0 0
tt 2279 (231, 233) ... 0.33128566 0.36024573
[(0, 1992), (0, 996), (0, 498), (0, 249), (124, 249), (186, 249), (217, 249), (217, 233), (225, 233), (229, 233), (231, 233)]
2;0.5;0.25;0.9;0.3;3;1000;1810;231
m;delta_p;p_hat;p_min;pi;k;l;bound;n
