5746c5059a971eca64fdd1bf9ffb58190d57f781
(0, 2572)
L (0, 1286) 1 0 2 0
L (0, 643) 2 0 2 0
R (321, 643) 3 0 2 0
B (0, 643) 4 2 2 0
R (321, 643) 5 0 2 0
L (321, 482) 6 1 2 0
L (321, 401) 7 0 2 0
tt 2356 (321, 401) ... 0.99957556 0.12224109
L (321, 361) 8 0 2 0
L (321, 341) 9 0 1 0
R (331, 341) 10 0 1 0
R (336, 341) 11 1 1 0
R (338, 341) 12 1 2 0
B (336, 341) 13 2 0 0
R (338, 341) 14 1 1 0
B (336, 341) 15 2 0 0
B (331, 341) 16 1 0 0
B (321, 341) 17 0 0 0
R (331, 341) 18 0 2 0
B (321, 341) 19 0 0 0
B (321, 361) 20 1 0 0
R (341, 361) 21 1 2 0
L (341, 351) 22 0 2 0
tt 2356 (341, 351) ... 0.39770797 0.62478775
[(0, 2572), (0, 1286), (0, 643), (321, 643), (321, 482), (321, 401), (321, 361), (341, 361), (341, 351)]
2;0.5;0.025;0.9;0.3;3;1000;2338;341
m;delta_p;p_hat;p_min;pi;k;l;bound;n
