5746c5059a971eca64fdd1bf9ffb58190d57f781
(0, 1281)
L (0, 640) 1 0 2 0
tt 2147 (0, 640) ... 0.0 1.0
L (0, 320) 2 0 2 0
L (0, 160) 3 0 1 0
R (80, 160) 4 0 1 0
R (120, 160) 5 1 2 0
R (140, 160) 6 0 1 0
B (120, 160) 7 1 0 0
B (80, 160) 8 1 0 0
R (120, 160) 9 1 1 0
B (80, 160) 10 2 2 0
L (80, 120) 11 1 2 0
B (80, 160) 12 2 0 0
B (0, 160) 13 2 1 0
L (0, 80) 14 0 2 0
R (40, 80) 15 0 1 0
tt 2147 (40, 80) ... 0.4392175 0.14019562
[(0, 1281), (0, 640), (0, 320), (0, 160), (0, 80), (40, 80)]
2;0.5;0.525;0.9;0.3;3;1000;1164;80
m;delta_p;p_hat;p_min;pi;k;l;bound;n
