5746c5059a971eca64fdd1bf9ffb58190d57f781
(0, 635)
L (0, 317) 1 0 2 0
L (0, 158) 2 0 2 0
R (79, 158) 3 0 2 0
R (118, 158) 4 1 2 0
B (79, 158) 5 2 1 0
tt 1936 (79, 158) ... 0.767562 0.8806818
B (0, 158) 6 2 2 0
L (0, 79) 7 0 2 0
L (0, 39) 8 0 2 0
R (19, 39) 9 0 1 0
R (29, 39) 10 1 1 0
L (29, 34) 11 1 1 0
B (29, 39) 12 1 0 0
B (19, 39) 13 0 0 0
R (29, 39) 14 1 1 0
tt 1936 (29, 39) ... 0.44834712 0.47107437
[(0, 635), (0, 317), (0, 158), (0, 79), (0, 39), (19, 39), (29, 39)]
2;0.5;0.775;0.9;0.3;3;1000;577;29
m;delta_p;p_hat;p_min;pi;k;l;bound;n
