5746c5059a971eca64fdd1bf9ffb58190d57f781
(0, 183)
L (0, 91) 1 0 2 0
tt 1562 (0, 91) ... 0.0 0.9878361
L (0, 45) 2 0 2 0
L (0, 22) 3 0 2 0
L (0, 11) 4 0 2 0
R (5, 11) 5 0 2 0
tt 1562 (5, 11) ... 0.0 0.8636364
R (8, 11) 6 0 2 0
B (5, 11) 7 2 2 0
tt 1562 (5, 11) ... 0.0 0.84571064
R (8, 11) 8 0 2 0
B (5, 11) 9 2 2 0
tt 1562 (5, 11) ... 0.8546735 0.0
R (8, 11) 10 0 2 0
L (8, 9) 11 0 2 0
tt 1562 (8, 9) ... 0.53072983 0.8546735
B (8, 11) 12 2 1 0
B (5, 11) 13 2 2 0
L (5, 8) 14 0 2 0
R (6, 8) 15 0 1 0
tt 1562 (6, 8) ... 0.50192064 0.0
[(0, 183), (0, 91), (0, 45), (0, 22), (0, 11), (5, 11), (5, 8), (6, 8)]
2;0.5;0.95;0.9;0.3;3;1000;166;8
m;delta_p;p_hat;p_min;pi;k;l;bound;n
