5746c5059a971eca64fdd1bf9ffb58190d57f781
(0, 663)
L (0, 331) 1 0 2 0
L (0, 165) 2 0 2 0
tt 3898 (0, 165) ... 0.0 1.0
L (0, 82) 3 0 2 0
R (41, 82) 4 0 2 0
L (41, 61) 5 0 2 0
L (41, 51) 6 0 2 0
L (41, 46) 7 0 2 0
R (43, 46) 8 0 1 0
B (41, 46) 9 0 0 0
L (41, 43) 10 0 1 0
tt 3898 (41, 43) ... 0.17444843 0.048742946
B (41, 46) 11 0 0 0
L (41, 43) 12 0 2 0
B (41, 46) 13 0 0 0
tt 3898 (41, 46) ... 0.050282195 0.576706
[(0, 663), (0, 331), (0, 165), (0, 82), (41, 82), (41, 61), (41, 51), (41, 46)]
2;0.56;0.7;0.9;0.32307693;10000;3;602;46
m;delta_p;p_hat;p_min;pi;k;l;bound;n
