5746c5059a971eca64fdd1bf9ffb58190d57f781
(0, 10745)
L (0, 5372) 1 0 2 0
L (0, 2686) 2 0 2 0
L (0, 1343) 3 0 2 0
R (671, 1343) 4 0 2 0
R (1007, 1343) 5 0 2 0
L (1007, 1175) 6 0 2 0
L (1007, 1091) 7 0 2 0
L (1007, 1049) 8 1 2 0
L (1007, 1028) 9 1 1 0
R (1017, 1028) 10 0 1 0
R (1022, 1028) 11 1 1 0
R (1025, 1028) 12 0 1 0
R (1026, 1028) 13 1 1 0
L (1026, 1027) 14 0 1 0
B (1026, 1028) 15 2 1 0
R (1027, 1028) 16 0 1 0
tt 5570 (1027, 1028) ... 0.4324955 0.45368043
B (1026, 1028) 17 2 0 0
L (1026, 1027) 18 1 2 0
L (1026, 1026) 19 0 1 0
tt 5570 (1026, 1026) ... 0.40825853 0.41741472
[(0, 10745), (0, 5372), (0, 2686), (0, 1343), (671, 1343), (1007, 1343), (1007, 1175), (1007, 1091), (1007, 1049), (1007, 1028), (1017, 1028), (1022, 1028), (1025, 1028), (1026, 1028), (1026, 1027), (1026, 1026)]
2;0.04;0.7;0.9;0.023076924;10000;3;9768;1026
m;delta_p;p_hat;p_min;pi;k;l;bound;n
