5746c5059a971eca64fdd1bf9ffb58190d57f781
(0, 4120)
L (0, 2060) 1 0 2 0
L (0, 1030) 2 0 2 0
tt 4995 (0, 1030) ... 0.0 1.0
R (515, 1030) 3 0 2 0
L (515, 772) 4 0 2 0
L (515, 643) 5 0 2 0
L (515, 579) 6 0 2 0
tt 4995 (515, 579) ... 1.0 0.0026026026
L (515, 547) 7 0 2 0
R (531, 547) 8 0 2 0
tt 4995 (531, 547) ... 0.2004004 0.87827826
R (539, 547) 9 1 1 0
L (539, 543) 10 1 2 0
R (541, 543) 11 1 2 0
L (541, 542) 12 1 1 0
B (541, 543) 13 2 1 0
B (539, 543) 14 2 1 0
R (541, 543) 15 1 2 0
L (541, 542) 16 1 2 0
L (541, 541) 17 1 2 0
B (541, 542) 18 2 2 0
B (541, 543) 19 0 0 0
B (539, 543) 20 2 2 0
tt 4995 (539, 543) ... 0.5807808 0.7585586
[(0, 4120), (0, 2060), (0, 1030), (515, 1030), (515, 772), (515, 643), (515, 579), (515, 547), (531, 547), (539, 547), (539, 543)]
2;0.04;0.7;0.9;0.0;10000;3;3745;539
m;delta_p;p_hat;p_min;pi;k;l;bound;n
