5746c5059a971eca64fdd1bf9ffb58190d57f781
(0, 60)
tt 2447 (0, 60) ... 0.0 1.0
L (0, 30) 1 0 2 0
tt 2447 (0, 30) ... 0.0 1.0
L (0, 15) 2 0 2 0
R (7, 15) 3 0 2 0
tt 2447 (7, 15) ... 1.0 0.0
L (7, 11) 4 0 2 0
R (9, 11) 5 0 2 0
tt 2447 (9, 11) ... 1.0 0.0032693094
L (9, 10) 6 0 2 0
R (9, 10) 7 0 2 0
R (9, 10) 8 0 2 0
R (9, 10) 9 0 2 0
R (9, 10) 10 0 2 0
R (9, 10) 11 0 2 0
R (9, 10) 12 0 2 0
R (9, 10) 13 0 2 0
R (9, 10) 14 0 2 0
R (9, 10) 15 0 2 0
R (9, 10) 16 0 2 0
tt 2447 (9, 10) ... 0.0016346547 1.0
[(0, 60), (0, 30), (0, 15), (7, 15), (7, 11), (9, 11), (9, 10)]
2;0.4;0.7;0.9;0.08571429;10000;3;54;9
m;delta_p;p_hat;p_min;pi;k;l;bound;n
