5746c5059a971eca64fdd1bf9ffb58190d57f781
(0, 19)
L (0, 9) 1 0 2 0
tt 1735 (0, 9) ... 0.0 1.0
L (0, 4) 2 0 2 0
R (2, 4) 3 0 2 0
R (3, 4) 4 0 2 0
R (3, 4) 5 1 2 0
R (3, 4) 6 1 2 0
R (3, 4) 7 1 2 0
tt 1735 (3, 4) ... 0.7394813 1.0
B (2, 4) 8 2 2 1
tt 1735 (2, 4) ... 0.0 1.0
L (2, 3) 9 0 2 0
R (2, 3) 10 0 1 0
R (2, 3) 11 0 1 0
B (2, 4) 12 0 0 0
tt 1735 (2, 4) ... 1.0 0.0
R (3, 4) 13 0 2 0
tt 1735 (3, 4) ... 0.7394813 1.0
R (3, 4) 14 1 2 0
L (3, 3) 15 1 2 0
tt 1735 (3, 3) ... 0.7152738 0.7538905
[(0, 19), (0, 9), (0, 4), (2, 4), (3, 4), (3, 3)]
2;0.6;0.7;0.9;0.0;10000;3;17;3
m;delta_p;p_hat;p_min;pi;k;l;bound;n
