5746c5059a971eca64fdd1bf9ffb58190d57f781
(0, 28)
L (0, 14) 1 0 2 0
L (0, 7) 2 0 2 0
tt 1978 (0, 7) ... 0.0 1.0
R (3, 7) 3 0 2 0
L (3, 5) 4 0 2 0
tt 1978 (3, 5) ... 1.0 0.0
L (3, 4) 5 0 2 0
R (3, 4) 6 0 2 0
R (3, 4) 7 0 2 0
R (3, 4) 8 0 2 0
R (3, 4) 9 0 2 0
R (3, 4) 10 0 2 0
R (3, 4) 11 0 2 0
R (3, 4) 12 0 2 0
R (3, 4) 13 0 2 0
R (3, 4) 14 0 2 0
R (3, 4) 15 0 2 0
tt 1978 (3, 4) ... 0.0 1.0
[(0, 28), (0, 14), (0, 7), (3, 7), (3, 5), (3, 4)]
2;0.88;0.7;0.9;0.28085107;10000;3;25;3
m;delta_p;p_hat;p_min;pi;k;l;bound;n
