5746c5059a971eca64fdd1bf9ffb58190d57f781
(0, 329)
L (0, 164) 1 0 2 0
L (0, 82) 2 0 2 0
L (0, 41) 3 0 2 0
R (20, 41) 4 0 2 0
L (20, 30) 5 0 2 0
L (20, 25) 6 0 2 0
B (20, 30) 7 0 0 0
tt 3476 (20, 30) ... 0.99942464 0.0
L (20, 25) 8 0 2 0
R (22, 25) 9 0 2 0
R (23, 25) 10 0 2 0
L (23, 24) 11 0 2 0
tt 3476 (23, 24) ... 0.05379747 0.19016111
B (23, 25) 12 0 0 0
tt 3476 (23, 25) ... 0.0509206 0.4378596
[(0, 329), (0, 164), (0, 82), (0, 41), (20, 41), (20, 30), (20, 25), (22, 25), (23, 25)]
2;0.8;0.7;0.9;0.4;10000;3;299;25
m;delta_p;p_hat;p_min;pi;k;l;bound;n
