5746c5059a971eca64fdd1bf9ffb58190d57f781
(0, 31721)
L (0, 15860) 1 0 2 0
L (0, 7930) 2 0 2 0
L (0, 3965) 3 0 2 0
L (0, 1982) 4 0 2 0
R (991, 1982) 5 0 2 0
L (991, 1486) 6 0 2 0
B (991, 1982) 7 0 0 0
R (1486, 1982) 8 0 2 0
L (1486, 1734) 9 1 2 0
R (1610, 1734) 10 0 2 0
B (1486, 1734) 11 2 2 0
L (1486, 1610) 12 1 2 0
B (1486, 1734) 13 2 1 0
L (1486, 1610) 14 1 1 0
R (1548, 1610) 15 1 1 0
R (1579, 1610) 16 0 2 0
L (1579, 1594) 17 1 2 0
L (1579, 1586) 18 0 2 0
B (1579, 1594) 19 2 0 0
tt 6219 (1579, 1594) ... 0.52436084 0.56343466
[(0, 31721), (0, 15860), (0, 7930), (0, 3965), (0, 1982), (991, 1982), (1486, 1982), (1486, 1734), (1486, 1610), (1548, 1610), (1579, 1610), (1579, 1594)]
2;0.08;0.7;0.9;0.06666667;10000;3;28837;1579
m;delta_p;p_hat;p_min;pi;k;l;bound;n
