5746c5059a971eca64fdd1bf9ffb58190d57f781
(0, 300)
tt 3421 (0, 300) ... 0.0 1.0
L (0, 150) 1 0 2 0
L (0, 75) 2 0 2 0
tt 3421 (0, 75) ... 0.0 1.0
L (0, 37) 3 0 2 0
R (18, 37) 4 0 2 0
L (18, 27) 5 0 2 0
R (22, 27) 6 0 2 0
L (22, 24) 7 0 2 0
R (23, 24) 8 0 1 0
R (23, 24) 9 0 2 0
L (23, 23) 10 1 2 0
B (23, 24) 11 0 0 0
R (23, 24) 12 0 2 0
B (22, 24) 13 2 2 0
L (22, 23) 14 1 1 0
B (22, 24) 15 1 0 0
L (22, 23) 16 0 2 0
B (22, 24) 17 0 0 0
R (23, 24) 18 1 2 0
R (23, 24) 19 0 1 0
tt 3421 (23, 24) ... 0.41742182 0.7170418
[(0, 300), (0, 150), (0, 75), (0, 37), (18, 37), (18, 27), (22, 27), (22, 24), (23, 24)]
2;0.84;0.7;0.9;0.41086957;10000;3;272;23
m;delta_p;p_hat;p_min;pi;k;l;bound;n
