5746c5059a971eca64fdd1bf9ffb58190d57f781
(0, 14123)
L (0, 7061) 1 0 2 0
L (0, 3530) 2 0 2 0
L (0, 1765) 3 0 2 0
L (0, 882) 4 0 2 0
tt 5734 (0, 882) ... 0.0 0.99319845
R (441, 882) 5 0 2 0
R (661, 882) 6 0 2 0
L (661, 771) 7 0 2 0
R (716, 771) 8 0 2 0
B (661, 771) 9 2 2 0
B (661, 882) 10 2 1 0
tt 5734 (661, 882) ... 0.13393791 0.9944193
L (661, 771) 11 0 2 0
R (716, 771) 12 1 2 0
R (743, 771) 13 0 1 0
B (716, 771) 14 1 0 0
R (743, 771) 15 0 1 0
B (716, 771) 16 2 2 0
R (743, 771) 17 0 2 0
L (743, 757) 18 1 2 0
B (743, 771) 19 2 1 0
B (716, 771) 20 2 1 0
B (661, 771) 21 2 2 0
L (661, 716) 22 0 2 0
tt 5734 (661, 716) ... 0.4271015 0.13707708
[(0, 14123), (0, 7061), (0, 3530), (0, 1765), (0, 882), (441, 882), (661, 882), (661, 771), (661, 716)]
2;0.12;0.7;0.9;0.09642857;10000;3;12839;716
m;delta_p;p_hat;p_min;pi;k;l;bound;n
