5746c5059a971eca64fdd1bf9ffb58190d57f781
(0, 698)
L (0, 349) 1 0 2 0
L (0, 174) 2 0 2 0
tt 3929 (0, 174) ... 0.0 1.0
L (0, 87) 3 0 2 0
R (43, 87) 4 0 2 0
tt 3929 (43, 87) ... 0.0 1.0
R (65, 87) 5 0 2 0
tt 3929 (65, 87) ... 1.0 0.0
R (76, 87) 6 0 2 0
B (65, 87) 7 2 2 0
L (65, 76) 8 0 2 0
R (70, 76) 9 0 2 0
L (70, 73) 10 0 2 0
B (70, 76) 11 0 0 0
tt 3929 (70, 76) ... 0.0 0.51692545
[(0, 698), (0, 349), (0, 174), (0, 87), (43, 87), (65, 87), (65, 76), (70, 76)]
2;0.16;0.7;0.9;0.08275862;10000;3;634;76
m;delta_p;p_hat;p_min;pi;k;l;bound;n
