5746c5059a971eca64fdd1bf9ffb58190d57f781
(0, 7959)
L (0, 3979) 1 0 2 0
tt 5390 (0, 3979) ... 0.0 1.0
L (0, 1989) 2 0 2 0
L (0, 994) 3 0 2 0
L (0, 497) 4 0 2 0
R (248, 497) 5 0 2 0
R (372, 497) 6 0 2 0
L (372, 434) 7 0 2 0
B (372, 497) 8 0 0 0
R (434, 497) 9 0 2 0
B (372, 497) 10 2 2 0
L (372, 434) 11 1 2 0
B (372, 497) 12 1 0 0
R (434, 497) 13 0 2 0
L (434, 465) 14 1 2 0
B (434, 497) 15 2 1 0
B (372, 497) 16 2 2 0
L (372, 434) 17 0 2 0
L (372, 403) 18 0 1 0
B (372, 434) 19 0 0 0
tt 5390 (372, 434) ... 0.060667902 0.62912804
[(0, 7959), (0, 3979), (0, 1989), (0, 994), (0, 497), (248, 497), (372, 497), (372, 434)]
2;0.16;0.7;0.9;0.12413793;10000;3;7235;434
m;delta_p;p_hat;p_min;pi;k;l;bound;n
