5746c5059a971eca64fdd1bf9ffb58190d57f781
(0, 355)
L (0, 177) 1 0 2 0
tt 3522 (0, 177) ... 0.0 1.0
L (0, 88) 2 0 2 0
R (44, 88) 3 0 2 0
L (44, 66) 4 0 2 0
tt 3522 (44, 66) ... 1.0 0.0
L (44, 55) 5 0 2 0
R (49, 55) 6 0 2 0
L (49, 52) 7 1 2 0
R (50, 52) 8 1 2 0
B (49, 52) 9 2 2 0
L (49, 50) 10 1 2 0
L (49, 49) 11 1 1 0
B (49, 50) 12 1 0 0
tt 3522 (49, 50) ... 0.5204429 0.92873365
B (49, 52) 13 2 2 1
B (49, 55) 14 2 2 1
tt 3522 (49, 55) ... 0.5099375 1.0
[(0, 355), (0, 177), (0, 88), (44, 88), (44, 66), (44, 55), (49, 55)]
2;0.16;0.7;0.9;0.04137931;10000;3;322;49
m;delta_p;p_hat;p_min;pi;k;l;bound;n
