5746c5059a971eca64fdd1bf9ffb58190d57f781
(0, 166)
L (0, 83) 1 0 2 0
L (0, 41) 2 0 2 0
R (20, 41) 3 0 2 0
L (20, 30) 4 0 2 0
tt 3064 (20, 30) ... 1.0 0.0
R (25, 30) 5 0 2 0
B (20, 30) 6 2 2 0
L (20, 25) 7 0 2 0
R (22, 25) 8 0 2 0
R (23, 25) 9 0 2 0
tt 3064 (23, 25) ... 0.0 0.9033943
R (24, 25) 10 0 2 0
R (24, 25) 11 0 2 0
R (24, 25) 12 0 2 0
R (24, 25) 13 0 2 0
R (24, 25) 14 0 2 0
R (24, 25) 15 0 2 0
R (24, 25) 16 0 2 0
tt 3064 (24, 25) ... 0.023825066 0.90208876
[(0, 166), (0, 83), (0, 41), (20, 41), (20, 30), (20, 25), (22, 25), (23, 25), (24, 25)]
2;0.2;0.7;0.9;0.0;10000;3;150;24
m;delta_p;p_hat;p_min;pi;k;l;bound;n
