5746c5059a971eca64fdd1bf9ffb58190d57f781
(0, 3550)
L (0, 1775) 1 0 2 0
tt 4905 (0, 1775) ... 0.0 1.0
L (0, 887) 2 0 2 0
L (0, 443) 3 0 2 0
L (0, 221) 4 0 2 0
R (110, 221) 5 0 2 0
R (165, 221) 6 0 2 0
L (165, 193) 7 0 2 0
B (165, 221) 8 0 0 0
R (193, 221) 9 0 2 0
L (193, 207) 10 0 2 0
L (193, 200) 11 0 1 0
L (193, 196) 12 1 1 0
B (193, 200) 13 1 0 0
R (196, 200) 14 1 2 0
B (193, 200) 15 2 1 0
tt 4905 (193, 200) ... 0.3104995 0.4972477
[(0, 3550), (0, 1775), (0, 887), (0, 443), (0, 221), (110, 221), (165, 221), (193, 221), (193, 207), (193, 200)]
2;0.24;0.7;0.9;0.17419355;10000;3;3227;193
m;delta_p;p_hat;p_min;pi;k;l;bound;n
