5746c5059a971eca64fdd1bf9ffb58190d57f781
(0, 317)
L (0, 158) 1 0 2 0
L (0, 79) 2 0 2 0
L (0, 39) 3 0 2 0
R (19, 39) 4 0 2 0
R (29, 39) 5 0 2 0
R (34, 39) 6 0 2 0
R (36, 39) 7 0 2 0
L (36, 37) 8 0 2 0
R (36, 37) 9 0 2 0
R (36, 37) 10 0 1 0
R (36, 37) 11 0 1 0
R (36, 37) 12 0 1 0
R (36, 37) 13 0 2 0
R (36, 37) 14 0 2 0
R (36, 37) 15 0 2 0
R (36, 37) 16 0 1 0
R (36, 37) 17 0 2 0
R (36, 37) 18 1 1 0
R (36, 37) 19 0 1 0
tt 3454 (36, 37) ... 0.11986103 0.62652
[(0, 317), (0, 158), (0, 79), (0, 39), (19, 39), (29, 39), (34, 39), (36, 39), (36, 37)]
2;0.24;0.7;0.9;0.11612903;10000;3;288;36
m;delta_p;p_hat;p_min;pi;k;l;bound;n
