5746c5059a971eca64fdd1bf9ffb58190d57f781
(0, 236)
tt 3276 (0, 236) ... 0.0 1.0
L (0, 118) 1 0 2 0
L (0, 59) 2 0 2 0
L (0, 29) 3 0 2 0
R (14, 29) 4 0 2 0
R (21, 29) 5 0 2 0
R (25, 29) 6 0 2 0
R (27, 29) 7 0 2 0
L (27, 28) 8 0 2 0
R (27, 28) 9 0 1 0
R (27, 28) 10 0 1 0
B (27, 29) 11 0 0 0
R (28, 29) 12 0 2 0
B (27, 29) 13 2 2 0
R (28, 29) 14 0 2 0
L (28, 28) 15 0 2 0
R (28, 28) 16 1 1 0
B (28, 29) 17 2 0 0
L (28, 28) 18 1 2 0
R (28, 28) 19 0 1 0
R (28, 28) 20 1 1 0
tt 3276 (28, 28) ... 0.44383395 0.43162394
[(0, 236), (0, 118), (0, 59), (0, 29), (14, 29), (21, 29), (25, 29), (27, 29), (28, 29), (28, 28)]
2;0.28;0.7;0.9;0.13125;10000;3;214;28
m;delta_p;p_hat;p_min;pi;k;l;bound;n
