5746c5059a971eca64fdd1bf9ffb58190d57f781
(0, 50)
tt 2336 (0, 50) ... 1.0 0.0
L (0, 25) 1 0 2 0
tt 2336 (0, 25) ... 1.0 0.0
L (0, 12) 2 0 2 0
R (6, 12) 3 0 2 0
L (6, 9) 4 0 2 0
R (7, 9) 5 0 2 0
L (7, 8) 6 0 2 0
R (7, 8) 7 1 2 0
L (7, 7) 8 1 2 0
B (7, 8) 9 2 2 0
B (7, 9) 10 2 2 0
L (7, 8) 11 1 2 0
L (7, 7) 12 0 2 0
tt 2336 (7, 7) ... 0.49614727 0.51583904
[(0, 50), (0, 25), (0, 12), (6, 12), (6, 9), (7, 9), (7, 8), (7, 7)]
2;0.52;0.9;0.9;0.20526315;10000;3;45;7
m;delta_p;p_hat;p_min;pi;k;l;bound;n
