5746c5059a971eca64fdd1bf9ffb58190d57f781
(0, 68)
L (0, 34) 1 0 2 0
L (0, 17) 2 0 2 0
tt 2523 (0, 17) ... 0.0 1.0
R (8, 17) 3 0 2 0
tt 2523 (8, 17) ... 0.0 1.0
L (8, 12) 4 0 2 0
L (8, 10) 5 0 2 0
tt 2523 (8, 10) ... 1.0 0.0
R (9, 10) 6 0 2 0
R (9, 10) 7 0 2 0
R (9, 10) 8 0 2 0
R (9, 10) 9 0 2 0
R (9, 10) 10 0 2 0
R (9, 10) 11 0 2 0
R (9, 10) 12 0 2 0
R (9, 10) 13 0 2 0
R (9, 10) 14 0 2 0
R (9, 10) 15 0 2 0
tt 2523 (9, 10) ... 0.011494253 1.0
[(0, 68), (0, 34), (0, 17), (8, 17), (8, 12), (8, 10), (9, 10)]
2;0.44;0.9;0.9;0.18333334;10000;3;61;9
m;delta_p;p_hat;p_min;pi;k;l;bound;n
