5746c5059a971eca64fdd1bf9ffb58190d57f781
(0, 80)
L (0, 40) 1 0 2 0
tt 2622 (0, 40) ... 0.0 1.0
L (0, 20) 2 0 2 0
tt 2622 (0, 20) ... 0.0 1.0
R (10, 20) 3 0 2 0
tt 2622 (10, 20) ... 1.0 0.0
L (10, 15) 4 0 2 0
L (10, 12) 5 0 2 0
L (10, 11) 6 0 2 0
R (10, 11) 7 0 2 0
B (10, 12) 8 0 0 0
L (10, 11) 9 0 2 0
R (10, 11) 10 0 2 0
R (10, 11) 11 0 1 0
R (10, 11) 12 0 1 0
R (10, 11) 13 0 2 0
tt 2622 (10, 11) ... 0.0 0.87490463
[(0, 80), (0, 40), (0, 20), (10, 20), (10, 15), (10, 12), (10, 11)]
2;0.4;0.9;0.9;0.17142858;10000;3;72;10
m;delta_p;p_hat;p_min;pi;k;l;bound;n
