5746c5059a971eca64fdd1bf9ffb58190d57f781
(0, 4636)
L (0, 2318) 1 0 2 0
L (0, 1159) 2 0 2 0
R (579, 1159) 3 0 2 0
L (579, 869) 4 0 2 0
L (579, 724) 5 0 2 0
L (579, 651) 6 0 2 0
L (579, 615) 7 1 2 0
L (579, 597) 8 0 2 0
R (588, 597) 9 1 2 0
B (579, 597) 10 2 2 0
R (588, 597) 11 0 2 0
R (592, 597) 12 0 2 0
L (592, 594) 13 1 1 0
B (592, 597) 14 1 0 0
B (588, 597) 15 2 2 0
L (588, 592) 16 1 2 0
R (590, 592) 17 0 2 0
R (591, 592) 18 1 1 0
B (590, 592) 19 2 1 0
B (588, 592) 20 2 1 0
tt 5065 (588, 592) ... 0.56288254 0.37788746
[(0, 4636), (0, 2318), (0, 1159), (579, 1159), (579, 869), (579, 724), (579, 651), (579, 615), (579, 597), (588, 597), (588, 592)]
2;0.04;0.9;0.9;0.011538462;10000;3;4214;588
m;delta_p;p_hat;p_min;pi;k;l;bound;n
