5746c5059a971eca64fdd1bf9ffb58190d57f781
(0, 252)
L (0, 126) 1 0 2 0
L (0, 63) 2 0 2 0
L (0, 31) 3 0 2 0
tt 3316 (0, 31) ... 0.0 1.0
L (0, 15) 4 0 2 0
R (7, 15) 5 0 2 0
L (7, 11) 6 0 2 0
R (9, 11) 7 0 2 0
L (9, 10) 8 0 2 0
R (9, 10) 9 0 2 0
R (9, 10) 10 0 2 0
R (9, 10) 11 0 2 0
R (9, 10) 12 1 2 0
R (9, 10) 13 0 2 0
tt 3316 (9, 10) ... 0.09227986 1.0
[(0, 252), (0, 126), (0, 63), (0, 31), (0, 15), (7, 15), (7, 11), (9, 11), (9, 10)]
2;0.56;0.9;0.9;0.32307693;10000;3;229;9
m;delta_p;p_hat;p_min;pi;k;l;bound;n
