5746c5059a971eca64fdd1bf9ffb58190d57f781
(0, 4120)
L (0, 2060) 1 0 2 0
L (0, 1030) 2 0 2 0
R (515, 1030) 3 0 2 0
L (515, 772) 4 0 2 0
tt 4995 (515, 772) ... 0.0014014014 1.0
L (515, 643) 5 0 2 0
L (515, 579) 6 0 2 0
L (515, 547) 7 0 2 0
R (531, 547) 8 0 2 0
L (531, 539) 9 1 1 0
R (535, 539) 10 1 2 0
B (531, 539) 11 0 0 0
B (531, 547) 12 0 0 0
L (531, 539) 13 1 2 0
R (535, 539) 14 1 1 0
L (535, 537) 15 1 1 0
B (535, 539) 16 1 0 0
B (531, 539) 17 0 0 0
L (531, 535) 18 0 1 0
B (531, 539) 19 0 0 0
tt 4995 (531, 539) ... 0.5793794 0.21001
[(0, 4120), (0, 2060), (0, 1030), (515, 1030), (515, 772), (515, 643), (515, 579), (515, 547), (531, 547), (531, 539)]
2;0.04;0.9;0.9;0.0;10000;3;3745;539
m;delta_p;p_hat;p_min;pi;k;l;bound;n
