5746c5059a971eca64fdd1bf9ffb58190d57f781
(0, 108)
tt 2804 (0, 108) ... 0.0 1.0
L (0, 54) 1 0 2 0
L (0, 27) 2 0 2 0
L (0, 13) 3 0 2 0
L (0, 6) 4 0 2 0
R (3, 6) 5 0 2 0
R (4, 6) 6 0 2 0
L (4, 5) 7 0 2 0
R (4, 5) 8 0 2 0
R (4, 5) 9 0 2 0
R (4, 5) 10 0 2 0
R (4, 5) 11 0 2 0
R (4, 5) 12 0 2 0
R (4, 5) 13 0 2 0
R (4, 5) 14 0 2 0
R (4, 5) 15 0 2 0
R (4, 5) 16 0 2 0
R (4, 5) 17 0 2 0
tt 2804 (4, 5) ... 0.0 1.0
[(0, 108), (0, 54), (0, 27), (0, 13), (0, 6), (3, 6), (4, 6), (4, 5)]
2;0.88;0.9;0.9;0.4212766;10000;3;98;4
m;delta_p;p_hat;p_min;pi;k;l;bound;n
