5746c5059a971eca64fdd1bf9ffb58190d57f781
(0, 93)
tt 2714 (0, 93) ... 0.0 1.0
L (0, 46) 1 0 2 0
L (0, 23) 2 0 2 0
L (0, 11) 3 0 2 0
L (0, 5) 4 0 2 0
tt 2714 (0, 5) ... 1.0 0.0
R (2, 5) 5 0 2 0
R (3, 5) 6 0 2 0
L (3, 4) 7 0 2 0
R (3, 4) 8 0 1 0
B (3, 5) 9 0 0 0
L (3, 4) 10 0 2 0
R (3, 4) 11 0 1 0
R (3, 4) 12 0 1 0
R (3, 4) 13 0 1 0
R (3, 4) 14 0 2 0
R (3, 4) 15 0 2 0
tt 2714 (3, 4) ... 0.0 0.7439204
[(0, 93), (0, 46), (0, 23), (0, 11), (0, 5), (2, 5), (3, 5), (3, 4)]
2;0.96;0.9;0.9;0.4408163;10000;3;84;3
m;delta_p;p_hat;p_min;pi;k;l;bound;n
