5746c5059a971eca64fdd1bf9ffb58190d57f781
(0, 534)
L (0, 267) 1 0 2 0
L (0, 133) 2 0 2 0
R (66, 133) 3 0 2 0
tt 3768 (66, 133) ... 0.0 1.0
L (66, 99) 4 0 2 0
L (66, 82) 5 0 2 0
L (66, 74) 6 0 2 0
R (70, 74) 7 0 2 0
tt 3768 (70, 74) ... 0.0015923567 0.80042464
R (72, 74) 8 0 2 0
L (72, 73) 9 1 2 0
R (72, 73) 10 0 1 0
R (72, 73) 11 0 1 0
B (72, 74) 12 1 0 0
L (72, 73) 13 0 2 0
R (72, 73) 14 0 1 0
tt 3768 (72, 73) ... 0.13057324 0.4307325
R (72, 73) 15 0 1 1
B (72, 74) 16 0 0 1
R (73, 74) 17 0 2 1
tt 3768 (73, 74) ... 0.4302017 0.7837049
[(0, 534), (0, 267), (0, 133), (66, 133), (66, 99), (66, 82), (66, 74), (70, 74), (72, 74), (73, 74)]
2;0.12;0.9;0.9;0.03214286;10000;3;485;73
m;delta_p;p_hat;p_min;pi;k;l;bound;n
