5746c5059a971eca64fdd1bf9ffb58190d57f781
(0, 305)
tt 3431 (0, 305) ... 0.0 1.0
L (0, 152) 1 0 2 0
tt 3431 (0, 152) ... 0.0 1.0
L (0, 76) 2 0 2 0
R (38, 76) 3 0 2 0
L (38, 57) 4 0 2 0
L (38, 47) 5 0 2 0
tt 3431 (38, 47) ... 0.0 1.0
R (42, 47) 6 0 2 0
L (42, 44) 7 0 2 0
L (42, 43) 8 0 1 0
R (42, 43) 9 0 1 0
R (42, 43) 10 0 1 0
B (42, 44) 11 0 0 0
L (42, 43) 12 0 2 0
R (42, 43) 13 1 1 0
B (42, 44) 14 0 0 0
L (42, 43) 15 0 2 0
B (42, 44) 16 0 0 0
R (43, 44) 17 0 2 0
R (43, 44) 18 0 2 0
tt 3431 (43, 44) ... 0.41358206 0.937336
[(0, 305), (0, 152), (0, 76), (38, 76), (38, 57), (38, 47), (42, 47), (42, 44), (43, 44)]
2;0.16;0.9;0.9;0.04137931;10000;3;277;43
m;delta_p;p_hat;p_min;pi;k;l;bound;n
