5746c5059a971eca64fdd1bf9ffb58190d57f781
(0, 104)
L (0, 52) 1 0 2 0
L (0, 26) 2 0 2 0
R (13, 26) 3 0 2 0
L (13, 19) 4 0 2 0
L (13, 16) 5 0 2 0
tt 2781 (13, 16) ... 0.0 0.9147788
R (14, 16) 6 0 2 0
tt 2781 (14, 16) ... 0.0 0.91657674
R (15, 16) 7 0 2 0
R (15, 16) 8 0 2 0
R (15, 16) 9 0 2 0
R (15, 16) 10 0 2 0
R (15, 16) 11 0 2 0
R (15, 16) 12 0 2 0
R (15, 16) 13 0 1 0
R (15, 16) 14 0 2 0
R (15, 16) 15 0 2 0
tt 2781 (15, 16) ... 0.0003595829 0.9032722
[(0, 104), (0, 52), (0, 26), (13, 26), (13, 19), (13, 16), (14, 16), (15, 16)]
2;0.28;0.9;0.9;0.065625;10000;3;94;15
m;delta_p;p_hat;p_min;pi;k;l;bound;n
