5746c5059a971eca64fdd1bf9ffb58190d57f781
(0, 959)
L (0, 479) 1 0 2 0
tt 4119 (0, 479) ... 0.0 1.0
L (0, 239) 2 0 2 0
L (0, 119) 3 0 2 0
L (0, 59) 4 0 2 0
L (0, 29) 5 0 2 0
R (14, 29) 6 0 2 0
R (21, 29) 7 0 2 0
tt 4119 (21, 29) ... 1.0 0.0
R (25, 29) 8 0 2 0
L (25, 27) 9 0 2 0
R (26, 27) 10 0 1 0
R (26, 27) 11 0 1 0
R (26, 27) 12 0 2 0
R (26, 27) 13 0 1 0
R (26, 27) 14 0 1 0
R (26, 27) 15 1 2 0
R (26, 27) 16 1 2 0
tt 4119 (26, 27) ... 0.107550375 0.7523671
[(0, 959), (0, 479), (0, 239), (0, 119), (0, 59), (0, 29), (14, 29), (21, 29), (25, 29), (25, 27), (26, 27)]
2;0.28;0.9;0.9;0.196875;10000;3;871;26
m;delta_p;p_hat;p_min;pi;k;l;bound;n
