5746c5059a971eca64fdd1bf9ffb58190d57f781
(0, 739)
L (0, 369) 1 0 2 0
tt 3963 (0, 369) ... 0.0 1.0
L (0, 184) 2 0 2 0
L (0, 92) 3 0 2 0
L (0, 46) 4 0 2 0
L (0, 23) 5 0 2 0
R (11, 23) 6 0 2 0
R (17, 23) 7 0 2 0
R (20, 23) 8 0 2 0
R (21, 23) 9 0 2 0
L (21, 22) 10 0 2 0
L (21, 21) 11 0 2 0
tt 3963 (21, 21) ... 0.07090588 0.0681302
B (21, 22) 12 0 0 0
B (21, 23) 13 2 2 0
R (22, 23) 14 1 2 0
B (21, 23) 15 2 2 0
L (21, 22) 16 1 2 0
tt 3963 (21, 22) ... 0.07216755 0.82008576
[(0, 739), (0, 369), (0, 184), (0, 92), (0, 46), (0, 23), (11, 23), (17, 23), (20, 23), (21, 23), (21, 22)]
2;0.32;0.9;0.9;0.21818182;10000;3;671;21
m;delta_p;p_hat;p_min;pi;k;l;bound;n
