5746c5059a971eca64fdd1bf9ffb58190d57f781
(0, 588)
L (0, 294) 1 0 2 0
L (0, 147) 2 0 2 0
L (0, 73) 3 0 2 0
L (0, 36) 4 0 2 0
R (18, 36) 5 0 2 0
L (18, 27) 6 1 2 0
L (18, 22) 7 0 2 0
B (18, 27) 8 2 2 0
L (18, 22) 9 0 2 0
L (18, 20) 10 1 2 0
L (18, 19) 11 0 2 0
L (18, 18) 12 1 2 0
R (18, 18) 13 1 1 0
R (18, 18) 14 1 1 0
R (18, 18) 15 0 1 0
B (18, 19) 16 0 0 0
L (18, 18) 17 1 2 0
B (18, 19) 18 1 0 0
L (18, 18) 19 1 2 0
L (18, 18) 20 1 1 0
tt 3826 (18, 18) ... 0.4963408 0.48823836
[(0, 588), (0, 294), (0, 147), (0, 73), (0, 36), (18, 36), (18, 27), (18, 22), (18, 20), (18, 19), (18, 18)]
2;0.36;0.9;0.9;0.2382353;10000;3;534;18
m;delta_p;p_hat;p_min;pi;k;l;bound;n
