5746c5059a971eca64fdd1bf9ffb58190d57f781
(0, 900)
L (0, 450) 1 0 2 0
L (0, 225) 2 0 2 0
R (112, 225) 3 0 2 0
L (112, 168) 4 0 2 0
L (112, 140) 5 0 2 0
L (112, 126) 6 0 2 0
R (119, 126) 7 0 1 0
R (122, 126) 8 0 2 0
L (122, 124) 9 0 1 0
L (122, 123) 10 1 1 0
tt 4081 (122, 123) ... 0.33839744 0.49987748
R (122, 123) 11 0 2 0
B (122, 124) 12 0 0 0
L (122, 123) 13 0 2 0
R (122, 123) 14 1 1 0
B (122, 124) 15 2 1 0
R (123, 124) 16 0 1 0
L (123, 123) 17 1 1 0
tt 4081 (123, 123) ... 0.5148248 0.5175202
[(0, 900), (0, 450), (0, 225), (112, 225), (112, 168), (112, 140), (112, 126), (119, 126), (122, 126), (122, 124), (123, 124), (123, 123)]
2;0.72;0.3;0.9;0.37674418;10000;3;818;123
m;delta_p;p_hat;p_min;pi;k;l;bound;n
