5746c5059a971eca64fdd1bf9ffb58190d57f781
(0, 2907)
L (0, 1453) 1 0 2 0
tt 4785 (0, 1453) ... 0.0 1.0
L (0, 726) 2 0 2 0
R (363, 726) 3 0 2 0
L (363, 544) 4 0 2 0
L (363, 453) 5 0 2 0
L (363, 408) 6 0 2 0
L (363, 385) 7 0 2 0
R (374, 385) 8 0 2 0
R (379, 385) 9 0 1 0
L (379, 382) 10 0 1 0
L (379, 380) 11 0 2 0
L (379, 379) 12 0 1 0
B (379, 380) 13 1 0 0
B (379, 382) 14 0 0 0
B (379, 385) 15 2 1 0
L (379, 382) 16 1 2 0
R (380, 382) 17 0 1 0
tt 4785 (380, 382) ... 0.59331244 0.4936259
[(0, 2907), (0, 1453), (0, 726), (363, 726), (363, 544), (363, 453), (363, 408), (363, 385), (374, 385), (379, 385), (379, 382), (380, 382)]
2;0.4;0.3;0.9;0.25714287;10000;3;2642;380
m;delta_p;p_hat;p_min;pi;k;l;bound;n
