5746c5059a971eca64fdd1bf9ffb58190d57f781
(0, 38)
L (0, 19) 1 0 2 0
L (0, 9) 2 0 2 0
R (4, 9) 3 0 2 0
R (6, 9) 4 0 2 0
tt 2167 (6, 9) ... 0.053991694 1.0
L (6, 7) 5 0 2 0
L (6, 6) 6 0 2 0
B (6, 7) 7 0 0 0
R (6, 7) 8 0 2 0
R (6, 7) 9 0 2 0
R (6, 7) 10 0 2 0
R (6, 7) 11 0 2 0
R (6, 7) 12 0 2 0
R (6, 7) 13 1 2 0
R (6, 7) 14 1 2 0
R (6, 7) 15 0 2 0
R (6, 7) 16 0 2 0
tt 2167 (6, 7) ... 0.055837564 1.0
[(0, 38), (0, 19), (0, 9), (4, 9), (6, 9), (6, 7)]
2;0.56;0.3;0.9;0.10769231;10000;3;34;6
m;delta_p;p_hat;p_min;pi;k;l;bound;n
