5746c5059a971eca64fdd1bf9ffb58190d57f781
(0, 1009)
L (0, 504) 1 0 2 0
L (0, 252) 2 0 2 0
R (126, 252) 3 0 2 0
tt 4150 (126, 252) ... 1.0 0.0
L (126, 189) 4 0 2 0
L (126, 157) 5 0 2 0
L (126, 141) 6 0 2 0
tt 4150 (126, 141) ... 0.0 0.9363856
R (133, 141) 7 0 2 0
R (137, 141) 8 0 2 0
L (137, 139) 9 1 2 0
B (137, 141) 10 2 2 0
L (137, 139) 11 1 2 0
L (137, 138) 12 1 2 0
R (137, 138) 13 1 1 0
tt 4150 (137, 138) ... 0.49301204 0.6356627
[(0, 1009), (0, 504), (0, 252), (126, 252), (126, 189), (126, 157), (126, 141), (133, 141), (137, 141), (137, 139), (137, 138)]
2;0.68;0.3;0.9;0.3642857;10000;3;917;137
m;delta_p;p_hat;p_min;pi;k;l;bound;n
