5746c5059a971eca64fdd1bf9ffb58190d57f781
(0, 139)
L (0, 69) 1 0 2 0
L (0, 34) 2 0 2 0
R (17, 34) 3 0 2 0
L (17, 25) 4 0 2 0
L (17, 21) 5 0 2 0
R (19, 21) 6 0 2 0
R (20, 21) 7 0 2 0
R (20, 21) 8 0 2 0
L (20, 20) 9 0 2 0
R (20, 20) 10 0 1 0
R (20, 20) 11 0 1 0
B (20, 21) 12 0 0 0
L (20, 20) 13 1 2 0
B (20, 21) 14 1 0 0
L (20, 20) 15 0 2 0
tt 2957 (20, 20) ... 0.30943525 0.30977342
[(0, 139), (0, 69), (0, 34), (17, 34), (17, 25), (17, 21), (19, 21), (20, 21), (20, 20)]
2;0.48;0.3;0.9;0.19459459;10000;3;126;20
m;delta_p;p_hat;p_min;pi;k;l;bound;n
