5746c5059a971eca64fdd1bf9ffb58190d57f781
(0, 72440)
L (0, 36220) 1 0 2 0
L (0, 18110) 2 0 2 0
R (9055, 18110) 3 0 2 0
L (9055, 13582) 4 0 2 0
L (9055, 11318) 5 1 2 0
L (9055, 10186) 6 1 2 0
B (9055, 11318) 7 2 2 0
L (9055, 10186) 8 0 2 0
L (9055, 9620) 9 0 2 0
L (9055, 9337) 10 0 2 0
B (9055, 9620) 11 2 2 0
L (9055, 9337) 12 0 2 0
B (9055, 9620) 13 2 1 0
L (9055, 9337) 14 1 2 0
tt 6715 (9055, 9337) ... 0.9416232 0.5559196
[(0, 72440), (0, 36220), (0, 18110), (9055, 18110), (9055, 13582), (9055, 11318), (9055, 10186), (9055, 9620), (9055, 9337)]
2;0.08;0.3;0.9;0.06666667;10000;3;65854;9055
m;delta_p;p_hat;p_min;pi;k;l;bound;n
