5746c5059a971eca64fdd1bf9ffb58190d57f781
(0, 4844)
L (0, 2422) 1 0 2 0
L (0, 1211) 2 0 2 0
L (0, 605) 3 0 2 0
R (302, 605) 4 0 2 0
R (453, 605) 5 0 2 0
tt 5092 (453, 605) ... 0.0 0.79006284
R (529, 605) 6 0 1 0
R (567, 605) 7 0 2 0
tt 5092 (567, 605) ... 0.7955617 0.004713276
L (567, 586) 8 0 2 0
R (576, 586) 9 0 1 0
B (567, 586) 10 0 0 0
B (567, 605) 11 0 0 0
R (586, 605) 12 0 1 0
R (595, 605) 13 0 1 0
L (595, 600) 14 0 2 0
L (595, 597) 15 1 2 0
B (595, 600) 16 2 0 0
tt 5092 (595, 600) ... 0.46700707 0.64198744
[(0, 4844), (0, 2422), (0, 1211), (0, 605), (302, 605), (453, 605), (529, 605), (567, 605), (586, 605), (595, 605), (595, 600)]
2;0.08;0.3;0.9;0.044444446;10000;3;4403;595
m;delta_p;p_hat;p_min;pi;k;l;bound;n
