5746c5059a971eca64fdd1bf9ffb58190d57f781
(0, 47)
L (0, 23) 1 0 2 0
L (0, 11) 2 0 2 0
R (5, 11) 3 0 2 0
L (5, 8) 4 0 2 0
tt 2298 (5, 8) ... 0.0 1.0
R (6, 8) 5 0 2 0
R (7, 8) 6 0 2 0
R (7, 8) 7 0 2 0
R (7, 8) 8 0 2 0
R (7, 8) 9 0 2 0
R (7, 8) 10 0 2 0
R (7, 8) 11 0 2 0
R (7, 8) 12 0 2 0
R (7, 8) 13 0 2 0
R (7, 8) 14 0 2 0
R (7, 8) 15 0 2 0
R (7, 8) 16 0 2 0
R (7, 8) 17 0 2 0
tt 2298 (7, 8) ... 0.003046127 1.0
[(0, 47), (0, 23), (0, 11), (5, 11), (5, 8), (6, 8), (7, 8)]
2;0.84;0.3;0.9;0.27391306;10000;3;42;7
m;delta_p;p_hat;p_min;pi;k;l;bound;n
