5746c5059a971eca64fdd1bf9ffb58190d57f781
(0, 553)
L (0, 276) 1 0 2 0
L (0, 138) 2 0 2 0
R (69, 138) 3 0 2 0
L (69, 103) 4 0 2 0
L (69, 86) 5 0 2 0
R (77, 86) 6 0 2 0
L (77, 81) 7 1 2 0
B (77, 86) 8 2 2 0
L (77, 81) 9 0 2 0
L (77, 79) 10 1 2 0
L (77, 78) 11 1 1 0
L (77, 77) 12 1 2 0
R (77, 77) 13 0 1 0
B (77, 78) 14 1 0 0
L (77, 77) 15 1 1 0
R (77, 77) 16 1 1 0
B (77, 78) 17 1 0 0
R (77, 78) 18 0 2 0
R (77, 78) 19 1 2 0
B (77, 79) 20 2 2 0
L (77, 78) 21 1 2 0
L (77, 77) 22 0 2 0
L (77, 77) 23 0 1 0
tt 3789 (77, 77) ... 0.42148325 0.4206915
[(0, 553), (0, 276), (0, 138), (69, 138), (69, 103), (69, 86), (77, 86), (77, 81), (77, 79), (77, 78), (77, 77)]
2;0.92;0.3;0.9;0.43125;10000;3;502;77
m;delta_p;p_hat;p_min;pi;k;l;bound;n
