5746c5059a971eca64fdd1bf9ffb58190d57f781
(0, 468)
L (0, 234) 1 0 2 0
L (0, 117) 2 0 2 0
R (58, 117) 3 0 2 0
L (58, 87) 4 0 2 0
L (58, 72) 5 0 2 0
R (65, 72) 6 0 2 0
L (65, 68) 7 1 2 0
R (66, 68) 8 0 2 0
L (66, 67) 9 1 2 0
L (66, 66) 10 1 2 0
B (66, 67) 11 2 1 0
L (66, 66) 12 1 1 0
R (66, 66) 13 1 1 0
B (66, 67) 14 1 0 0
L (66, 66) 15 1 2 0
R (66, 66) 16 0 1 0
B (66, 67) 17 2 1 0
B (66, 68) 18 2 2 0
L (66, 67) 19 1 2 0
R (66, 67) 20 1 1 0
tt 3688 (66, 67) ... 0.47532538 0.7741323
[(0, 468), (0, 234), (0, 117), (58, 117), (58, 87), (58, 72), (65, 72), (65, 68), (66, 68), (66, 67)]
2;1.0;0.3;0.9;0.45;10000;3;425;66
m;delta_p;p_hat;p_min;pi;k;l;bound;n
