5746c5059a971eca64fdd1bf9ffb58190d57f781
(0, 258)
tt 3330 (0, 258) ... 0.0 1.0
L (0, 129) 1 0 2 0
L (0, 64) 2 0 2 0
R (32, 64) 3 0 2 0
L (32, 48) 4 0 2 0
L (32, 40) 5 0 2 0
R (36, 40) 6 0 2 0
L (36, 38) 7 0 2 0
L (36, 37) 8 0 2 0
tt 3330 (36, 37) ... 0.0009009009 0.2027027
B (36, 38) 9 0 0 0
tt 3330 (36, 38) ... 0.0018018018 0.8945946
R (37, 38) 10 0 1 0
R (37, 38) 11 1 2 0
R (37, 38) 12 1 2 0
tt 3330 (37, 38) ... 0.21951953 0.8810811
[(0, 258), (0, 129), (0, 64), (32, 64), (32, 48), (32, 40), (36, 40), (36, 38), (37, 38)]
2;0.16;0.3;0.9;0.0;10000;3;234;37
m;delta_p;p_hat;p_min;pi;k;l;bound;n
