5746c5059a971eca64fdd1bf9ffb58190d57f781
(0, 11602)
tt 5616 (0, 11602) ... 0.0 1.0
L (0, 5801) 1 0 2 0
tt 5616 (0, 5801) ... 0.0 1.0
L (0, 2900) 2 0 2 0
R (1450, 2900) 3 0 2 0
L (1450, 2175) 4 0 2 0
L (1450, 1812) 5 0 2 0
L (1450, 1631) 6 1 2 0
L (1450, 1540) 7 0 2 0
L (1450, 1495) 8 0 2 0
R (1472, 1495) 9 0 1 0
B (1450, 1495) 10 2 2 0
L (1450, 1472) 11 1 1 0
R (1461, 1472) 12 1 2 0
B (1450, 1472) 13 1 0 0
B (1450, 1495) 14 2 1 0
L (1450, 1472) 15 0 1 0
R (1461, 1472) 16 0 1 0
R (1466, 1472) 17 1 1 0
B (1461, 1472) 18 2 1 0
R (1466, 1472) 19 0 1 0
B (1461, 1472) 20 2 1 0
tt 5616 (1461, 1472) ... 0.4756054 0.33956552
[(0, 11602), (0, 5801), (0, 2900), (1450, 2900), (1450, 2175), (1450, 1812), (1450, 1631), (1450, 1540), (1450, 1495), (1450, 1472), (1461, 1472)]
2;0.2;0.3;0.9;0.15;10000;3;10547;1461
m;delta_p;p_hat;p_min;pi;k;l;bound;n
