5746c5059a971eca64fdd1bf9ffb58190d57f781
(0, 291)
L (0, 145) 1 0 2 0
L (0, 72) 2 0 2 0
R (36, 72) 3 0 2 0
L (36, 54) 4 0 2 0
L (36, 45) 5 0 2 0
R (40, 45) 6 0 2 0
L (40, 42) 7 0 2 0
L (40, 41) 8 0 2 0
B (40, 42) 9 0 0 0
L (40, 41) 10 0 2 0
R (40, 41) 11 0 1 0
B (40, 42) 12 0 0 0
R (41, 42) 13 0 2 0
B (40, 42) 14 2 2 0
L (40, 41) 15 0 1 0
B (40, 42) 16 0 0 0
L (40, 41) 17 0 2 0
B (40, 42) 18 0 0 0
R (41, 42) 19 0 2 0
L (41, 41) 20 1 2 0
L (41, 41) 21 0 2 0
tt 3402 (41, 41) ... 0.393592 0.40005878
[(0, 291), (0, 145), (0, 72), (36, 72), (36, 54), (36, 45), (40, 45), (40, 42), (41, 42), (41, 41)]
2;0.2;0.3;0.9;0.05;10000;3;264;41
m;delta_p;p_hat;p_min;pi;k;l;bound;n
