5746c5059a971eca64fdd1bf9ffb58190d57f781
(0, 8060)
L (0, 4030) 1 0 2 0
L (0, 2015) 2 0 2 0
R (1007, 2015) 3 0 2 0
L (1007, 1511) 4 0 2 0
L (1007, 1259) 5 0 2 0
L (1007, 1133) 6 0 2 0
L (1007, 1070) 7 0 2 0
R (1038, 1070) 8 0 2 0
L (1038, 1054) 9 0 2 0
B (1038, 1070) 10 2 2 0
B (1007, 1070) 11 2 2 0
R (1038, 1070) 12 0 2 0
B (1007, 1070) 13 2 2 0
L (1007, 1038) 14 0 2 0
R (1022, 1038) 15 0 2 0
tt 5397 (1022, 1038) ... 0.33889198 0.64869374
[(0, 8060), (0, 4030), (0, 2015), (1007, 2015), (1007, 1511), (1007, 1259), (1007, 1133), (1007, 1070), (1007, 1038), (1022, 1038)]
2;0.24;0.3;0.9;0.17419355;10000;3;7327;1022
m;delta_p;p_hat;p_min;pi;k;l;bound;n
