5746c5059a971eca64fdd1bf9ffb58190d57f781
(0, 309)
L (0, 154) 1 0 2 0
L (0, 77) 2 0 2 0
R (38, 77) 3 0 2 0
L (38, 57) 4 0 2 0
L (38, 47) 5 0 2 0
L (38, 42) 6 0 2 0
R (40, 42) 7 0 1 0
B (38, 42) 8 0 0 0
R (40, 42) 9 0 1 0
B (38, 42) 10 0 0 0
B (38, 47) 11 0 0 0
R (42, 47) 12 0 2 0
L (42, 44) 13 0 2 0
L (42, 43) 14 1 2 0
R (42, 43) 15 1 2 0
B (42, 44) 16 2 1 0
L (42, 43) 17 1 2 0
R (42, 43) 18 0 2 0
tt 3439 (42, 43) ... 0.24658331 0.7880198
[(0, 309), (0, 154), (0, 77), (38, 77), (38, 57), (38, 47), (42, 47), (42, 44), (42, 43)]
2;0.32;0.3;0.9;0.14545454;10000;3;280;42
m;delta_p;p_hat;p_min;pi;k;l;bound;n
